{"level":"info","message":"Database connection initialized","timestamp":"2025-05-12T17:38:33.979Z"}
{"level":"info","message":"Successfully obtained new access token","timestamp":"2025-05-12T17:38:34.490Z"}
{"level":"info","message":"Making GET request to: https://sellingpartnerapi-na.amazon.com/sellers/v1/marketplaceParticipations","timestamp":"2025-05-12T17:38:34.491Z"}
{"level":"info","message":"Request params:","timestamp":"2025-05-12T17:38:34.491Z"}
{"level":"info","message":"Response status: 200","timestamp":"2025-05-12T17:38:35.142Z"}
{"level":"info","message":"Response data:","timestamp":"2025-05-12T17:38:35.143Z"}
{"level":"info","message":"Raw marketplace participations response:","timestamp":"2025-05-12T17:38:35.143Z"}
{"level":"info","message":"Raw marketplace data:","timestamp":"2025-05-12T17:38:35.143Z"}
{"level":"info","message":"Participations array:","timestamp":"2025-05-12T17:38:35.144Z"}
{"level":"info","message":"Processing marketplace:","timestamp":"2025-05-12T17:38:35.144Z"}
{"level":"info","message":"Processing store name:","timestamp":"2025-05-12T17:38:35.144Z"}
{"level":"info","message":"Saved marketplace participation for Amazon.com.mx (ID: A1AM78C64UM0Y8)","timestamp":"2025-05-12T17:38:35.152Z"}
{"level":"info","message":"Processing marketplace:","timestamp":"2025-05-12T17:38:35.152Z"}
{"level":"info","message":"Processing store name:","timestamp":"2025-05-12T17:38:35.152Z"}
{"level":"info","message":"Saved marketplace participation for Non-Amazon CA (ID: A1MQXOICRS2Z7M)","timestamp":"2025-05-12T17:38:35.154Z"}
{"level":"info","message":"Processing marketplace:","timestamp":"2025-05-12T17:38:35.154Z"}
{"level":"info","message":"Processing store name:","timestamp":"2025-05-12T17:38:35.155Z"}
{"level":"info","message":"Saved marketplace participation for Amazon.ca (ID: A2EUQ1WTGCTBG2)","timestamp":"2025-05-12T17:38:35.157Z"}
{"level":"info","message":"Processing marketplace:","timestamp":"2025-05-12T17:38:35.157Z"}
{"level":"info","message":"Processing store name:","timestamp":"2025-05-12T17:38:35.157Z"}
{"level":"info","message":"Saved marketplace participation for Non-Amazon US (ID: A2ZV50J4W1RKNI)","timestamp":"2025-05-12T17:38:35.159Z"}
{"level":"info","message":"Processing marketplace:","timestamp":"2025-05-12T17:38:35.159Z"}
{"level":"info","message":"Processing store name:","timestamp":"2025-05-12T17:38:35.159Z"}
{"level":"info","message":"Saved marketplace participation for Non-Amazon MX (ID: A3H6HPSLHAK3XG)","timestamp":"2025-05-12T17:38:35.161Z"}
{"level":"info","message":"Processing marketplace:","timestamp":"2025-05-12T17:38:35.161Z"}
{"level":"info","message":"Processing store name:","timestamp":"2025-05-12T17:38:35.161Z"}
{"level":"info","message":"Saved marketplace participation for Amazon.com Invoicing Shadow Marketplace (ID: AHRY1CZE9ZY4H)","timestamp":"2025-05-12T17:38:35.163Z"}
{"level":"info","message":"Processing marketplace:","timestamp":"2025-05-12T17:38:35.163Z"}
{"level":"info","message":"Processing store name:","timestamp":"2025-05-12T17:38:35.163Z"}
{"level":"info","message":"Saved marketplace participation for Amazon.com (ID: ATVPDKIKX0DER)","timestamp":"2025-05-12T17:38:35.165Z"}
{"level":"info","message":"Successfully saved 7 marketplace participations","timestamp":"2025-05-12T17:38:35.165Z"}
{"level":"info","message":"Saved 7 marketplace participations","timestamp":"2025-05-12T17:38:35.165Z"}
{"level":"info","message":"Making POST request to: https://sellingpartnerapi-na.amazon.com/reports/2021-06-30/reports?reportType=GET_FLAT_FILE_ALL_ORDERS_DATA_BY_LAST_UPDATE_GENERAL&marketplaceIds=A1AM78C64UM0Y8&marketplaceIds=A1MQXOICRS2Z7M&marketplaceIds=A2EUQ1WTGCTBG2&marketplaceIds=A2ZV50J4W1RKNI&marketplaceIds=A3H6HPSLHAK3XG&marketplaceIds=AHRY1CZE9ZY4H&marketplaceIds=ATVPDKIKX0DER&dataStartTime=2025-05-05T00%3A00%3A00Z&dataEndTime=2025-05-06T00%3A00%3A00Z","timestamp":"2025-05-12T17:38:35.166Z"}
{"level":"info","message":"Request params:","timestamp":"2025-05-12T17:38:35.166Z"}
{"level":"info","message":"Response status: 202","timestamp":"2025-05-12T17:38:35.675Z"}
{"level":"info","message":"Response data:","timestamp":"2025-05-12T17:38:35.675Z"}
{"level":"info","message":"Created report:","reportId":"422598020220","timestamp":"2025-05-12T17:38:35.675Z"}
{"level":"info","message":"Saved report 422598020220 to database","timestamp":"2025-05-12T17:38:35.690Z"}
{"level":"info","message":"Making GET request to: https://sellingpartnerapi-na.amazon.com/reports/2021-06-30/reports/422598020220","timestamp":"2025-05-12T17:38:40.693Z"}
{"level":"info","message":"Request params:","timestamp":"2025-05-12T17:38:40.694Z"}
{"level":"info","message":"Response status: 200","timestamp":"2025-05-12T17:38:41.209Z"}
{"level":"info","message":"Response data:","timestamp":"2025-05-12T17:38:41.209Z"}
{"level":"info","message":"Report status: IN_QUEUE (Attempt 1/12)","timestamp":"2025-05-12T17:38:41.209Z"}
{"level":"info","message":"Making GET request to: https://sellingpartnerapi-na.amazon.com/reports/2021-06-30/reports/422598020220","timestamp":"2025-05-12T17:38:46.212Z"}
{"level":"info","message":"Request params:","timestamp":"2025-05-12T17:38:46.212Z"}
{"level":"info","message":"Response status: 200","timestamp":"2025-05-12T17:38:46.709Z"}
{"level":"info","message":"Response data:","timestamp":"2025-05-12T17:38:46.710Z"}
{"level":"info","message":"Report status: IN_PROGRESS (Attempt 2/12)","timestamp":"2025-05-12T17:38:46.710Z"}
{"level":"info","message":"Making GET request to: https://sellingpartnerapi-na.amazon.com/reports/2021-06-30/reports/422598020220","timestamp":"2025-05-12T17:38:51.725Z"}
{"level":"info","message":"Request params:","timestamp":"2025-05-12T17:38:51.725Z"}
{"level":"info","message":"Response status: 200","timestamp":"2025-05-12T17:38:52.241Z"}
{"level":"info","message":"Response data:","timestamp":"2025-05-12T17:38:52.241Z"}
{"level":"info","message":"Report status: IN_PROGRESS (Attempt 3/12)","timestamp":"2025-05-12T17:38:52.242Z"}
{"level":"info","message":"Making GET request to: https://sellingpartnerapi-na.amazon.com/reports/2021-06-30/reports/422598020220","timestamp":"2025-05-12T17:38:57.252Z"}
{"level":"info","message":"Request params:","timestamp":"2025-05-12T17:38:57.253Z"}
{"level":"info","message":"Response status: 200","timestamp":"2025-05-12T17:38:57.746Z"}
{"level":"info","message":"Response data:","timestamp":"2025-05-12T17:38:57.747Z"}
{"level":"info","message":"Report status: DONE (Attempt 4/12)","timestamp":"2025-05-12T17:38:57.747Z"}
{"level":"info","message":"Saved report 422598020220 to database","timestamp":"2025-05-12T17:38:57.770Z"}
{"level":"info","message":"Making GET request to: https://sellingpartnerapi-na.amazon.com/reports/2021-06-30/documents/amzn1.spdoc.1.4.na.b0899fd9-53cb-44c4-ad16-9ab77a863eee.T1J1P0594KN4R.2407","timestamp":"2025-05-12T17:39:09.175Z"}
{"level":"info","message":"Request params:","timestamp":"2025-05-12T17:39:09.175Z"}
{"level":"info","message":"Response status: 200","timestamp":"2025-05-12T17:39:09.401Z"}
{"level":"info","message":"Response data:","timestamp":"2025-05-12T17:39:09.402Z"}
{"level":"info","message":"Got report document:","reportDocumentId":"amzn1.spdoc.1.4.na.b0899fd9-53cb-44c4-ad16-9ab77a863eee.T1J1P0594KN4R.2407","timestamp":"2025-05-12T17:39:09.402Z","url":"https://tortuga-prod-na.s3-external-1.amazonaws.com/4a77ad82-f7f8-495d-b9c4-79b4c135f358.amzn1.tortuga.4.na.T1J1P0594KN4R?response-content-encoding=identity&X-Amz-Algorithm=AWS4-HMAC-SHA256&X-Amz-Date=20250512T173909Z&X-Amz-SignedHeaders=host&X-Amz-Expires=300&X-Amz-Credential=AKIA5U6MO6RAKYMKE474%2F20250512%2Fus-east-1%2Fs3%2Faws4_request&X-Amz-Signature=d35c629551e239bf2babdea0c3ef32b0156a1f45bd9a3ef75b8e8df2ae7cb2f9"}
{"level":"info","message":"Processed 154 records from report document","timestamp":"2025-05-12T17:39:23.239Z"}
{"level":"info","message":"Saved document for report 422598020220 with 154 records","timestamp":"2025-05-12T17:40:04.930Z"}
{"level":"info","message":"Database connection initialized","timestamp":"2025-05-12T17:46:07.462Z"}
{"level":"info","message":"Successfully obtained new access token","timestamp":"2025-05-12T17:46:07.968Z"}
{"level":"info","message":"Making GET request to: https://sellingpartnerapi-na.amazon.com/sellers/v1/marketplaceParticipations","timestamp":"2025-05-12T17:46:07.969Z"}
{"level":"info","message":"Request params:","timestamp":"2025-05-12T17:46:07.970Z"}
{"level":"info","message":"Response status: 200","timestamp":"2025-05-12T17:46:08.595Z"}
{"level":"info","message":"Response data:","timestamp":"2025-05-12T17:46:08.595Z"}
{"level":"info","message":"Raw marketplace participations response:","timestamp":"2025-05-12T17:46:08.596Z"}
{"level":"info","message":"Raw marketplace data:","timestamp":"2025-05-12T17:46:08.596Z"}
{"level":"info","message":"Participations array:","timestamp":"2025-05-12T17:46:08.597Z"}
{"level":"info","message":"Processing marketplace:","timestamp":"2025-05-12T17:46:08.597Z"}
{"level":"info","message":"Processing store name:","timestamp":"2025-05-12T17:46:08.598Z"}
{"level":"info","message":"Saved marketplace participation for Amazon.com.mx (ID: A1AM78C64UM0Y8)","timestamp":"2025-05-12T17:46:08.607Z"}
{"level":"info","message":"Processing marketplace:","timestamp":"2025-05-12T17:46:08.607Z"}
{"level":"info","message":"Processing store name:","timestamp":"2025-05-12T17:46:08.607Z"}
{"level":"info","message":"Saved marketplace participation for Non-Amazon CA (ID: A1MQXOICRS2Z7M)","timestamp":"2025-05-12T17:46:08.609Z"}
{"level":"info","message":"Processing marketplace:","timestamp":"2025-05-12T17:46:08.610Z"}
{"level":"info","message":"Processing store name:","timestamp":"2025-05-12T17:46:08.610Z"}
{"level":"info","message":"Saved marketplace participation for Amazon.ca (ID: A2EUQ1WTGCTBG2)","timestamp":"2025-05-12T17:46:08.611Z"}
{"level":"info","message":"Processing marketplace:","timestamp":"2025-05-12T17:46:08.611Z"}
{"level":"info","message":"Processing store name:","timestamp":"2025-05-12T17:46:08.612Z"}
{"level":"info","message":"Saved marketplace participation for Non-Amazon US (ID: A2ZV50J4W1RKNI)","timestamp":"2025-05-12T17:46:08.613Z"}
{"level":"info","message":"Processing marketplace:","timestamp":"2025-05-12T17:46:08.613Z"}
{"level":"info","message":"Processing store name:","timestamp":"2025-05-12T17:46:08.613Z"}
{"level":"info","message":"Saved marketplace participation for Non-Amazon MX (ID: A3H6HPSLHAK3XG)","timestamp":"2025-05-12T17:46:08.615Z"}
{"level":"info","message":"Processing marketplace:","timestamp":"2025-05-12T17:46:08.615Z"}
{"level":"info","message":"Processing store name:","timestamp":"2025-05-12T17:46:08.615Z"}
{"level":"info","message":"Saved marketplace participation for Amazon.com Invoicing Shadow Marketplace (ID: AHRY1CZE9ZY4H)","timestamp":"2025-05-12T17:46:08.617Z"}
{"level":"info","message":"Processing marketplace:","timestamp":"2025-05-12T17:46:08.617Z"}
{"level":"info","message":"Processing store name:","timestamp":"2025-05-12T17:46:08.617Z"}
{"level":"info","message":"Saved marketplace participation for Amazon.com (ID: ATVPDKIKX0DER)","timestamp":"2025-05-12T17:46:08.620Z"}
{"level":"info","message":"Successfully saved 7 marketplace participations","timestamp":"2025-05-12T17:46:08.621Z"}
{"level":"info","message":"Saved 7 marketplace participations","timestamp":"2025-05-12T17:46:08.621Z"}
{"level":"info","message":"Making POST request to: https://sellingpartnerapi-na.amazon.com/reports/2021-06-30/reports?reportType=GET_FLAT_FILE_ALL_ORDERS_DATA_BY_LAST_UPDATE_GENERAL&marketplaceIds=A1AM78C64UM0Y8&marketplaceIds=A1MQXOICRS2Z7M&marketplaceIds=A2EUQ1WTGCTBG2&marketplaceIds=A2ZV50J4W1RKNI&marketplaceIds=A3H6HPSLHAK3XG&marketplaceIds=AHRY1CZE9ZY4H&marketplaceIds=ATVPDKIKX0DER&dataStartTime=2025-05-05T00%3A00%3A00Z&dataEndTime=2025-05-06T00%3A00%3A00Z","timestamp":"2025-05-12T17:46:08.622Z"}
{"level":"info","message":"Request params:","timestamp":"2025-05-12T17:46:08.622Z"}
{"level":"info","message":"Response status: 202","timestamp":"2025-05-12T17:46:09.200Z"}
{"level":"info","message":"Response data:","timestamp":"2025-05-12T17:46:09.201Z"}
{"level":"info","message":"Created report:","reportId":"422600020220","timestamp":"2025-05-12T17:46:09.201Z"}
{"level":"info","message":"Saved report 422600020220 to database","timestamp":"2025-05-12T17:46:09.217Z"}
{"level":"info","message":"Making GET request to: https://sellingpartnerapi-na.amazon.com/reports/2021-06-30/reports/422600020220","timestamp":"2025-05-12T17:46:14.219Z"}
{"level":"info","message":"Request params:","timestamp":"2025-05-12T17:46:14.221Z"}
{"level":"info","message":"Response status: 200","timestamp":"2025-05-12T17:46:14.733Z"}
{"level":"info","message":"Response data:","timestamp":"2025-05-12T17:46:14.734Z"}
{"level":"info","message":"Report status: IN_QUEUE (Attempt 1/12)","timestamp":"2025-05-12T17:46:14.735Z"}
{"level":"info","message":"Making GET request to: https://sellingpartnerapi-na.amazon.com/reports/2021-06-30/reports/422600020220","timestamp":"2025-05-12T17:46:19.737Z"}
{"level":"info","message":"Request params:","timestamp":"2025-05-12T17:46:19.738Z"}
{"level":"info","message":"Response status: 200","timestamp":"2025-05-12T17:46:20.211Z"}
{"level":"info","message":"Response data:","timestamp":"2025-05-12T17:46:20.212Z"}
{"level":"info","message":"Report status: IN_PROGRESS (Attempt 2/12)","timestamp":"2025-05-12T17:46:20.212Z"}
{"level":"info","message":"Making GET request to: https://sellingpartnerapi-na.amazon.com/reports/2021-06-30/reports/422600020220","timestamp":"2025-05-12T17:46:25.219Z"}
{"level":"info","message":"Request params:","timestamp":"2025-05-12T17:46:25.221Z"}
{"level":"info","message":"Response status: 200","timestamp":"2025-05-12T17:46:25.699Z"}
{"level":"info","message":"Response data:","timestamp":"2025-05-12T17:46:25.700Z"}
{"level":"info","message":"Report status: DONE (Attempt 3/12)","timestamp":"2025-05-12T17:46:25.701Z"}
{"level":"info","message":"Saved report 422600020220 to database","timestamp":"2025-05-12T17:46:25.721Z"}
{"level":"info","message":"Making GET request to: https://sellingpartnerapi-na.amazon.com/reports/2021-06-30/documents/amzn1.spdoc.1.4.na.a3a4cf7f-87ab-46d4-ae74-2169689c87cc.T2D3RG3Q0QBSB4.2407","timestamp":"2025-05-12T17:46:25.721Z"}
{"level":"info","message":"Request params:","timestamp":"2025-05-12T17:46:25.722Z"}
{"level":"info","message":"Response status: 200","timestamp":"2025-05-12T17:46:25.939Z"}
{"level":"info","message":"Response data:","timestamp":"2025-05-12T17:46:25.939Z"}
{"level":"info","message":"Got report document:","reportDocumentId":"amzn1.spdoc.1.4.na.a3a4cf7f-87ab-46d4-ae74-2169689c87cc.T2D3RG3Q0QBSB4.2407","timestamp":"2025-05-12T17:46:25.940Z","url":"https://tortuga-prod-na.s3-external-1.amazonaws.com/6208ddd5-e200-4402-953f-e8bda417400b.amzn1.tortuga.4.na.T2D3RG3Q0QBSB4?response-content-encoding=identity&X-Amz-Algorithm=AWS4-HMAC-SHA256&X-Amz-Date=20250512T174625Z&X-Amz-SignedHeaders=host&X-Amz-Expires=300&X-Amz-Credential=AKIA5U6MO6RAKYMKE474%2F20250512%2Fus-east-1%2Fs3%2Faws4_request&X-Amz-Signature=12a285d884302bb144511f4b64e239b78fbff3ea7c27936f5d666da45dc547fa"}
{"level":"info","message":"Processed 154 records from report document","timestamp":"2025-05-12T17:46:32.092Z"}
{"level":"info","message":"Saved 154 records for report 422600020220","timestamp":"2025-05-12T17:46:32.650Z"}
